<?xml version="1.0" encoding="UTF-8"?>
<testsuite name="com.learning.spring.springboot.kotlin.controller.HelloControllerMVCTest" tests="2" skipped="0" failures="0" errors="0" timestamp="2024-01-12T16:59:22" hostname="WYVPX1C42X" time="1.515">
  <properties/>
  <testcase name="check sayHello with name$springboot_kotlin_test()" classname="com.learning.spring.springboot.kotlin.controller.HelloControllerMVCTest" time="1.486"/>
  <testcase name="check sayHello without name$springboot_kotlin_test()" classname="com.learning.spring.springboot.kotlin.controller.HelloControllerMVCTest" time="0.018"/>
  <system-out><![CDATA[08:59:19.541 [Test worker] INFO org.springframework.test.context.support.AnnotationConfigContextLoaderUtils -- Could not detect default configuration classes for test class [com.learning.spring.springboot.kotlin.controller.HelloControllerMVCTest]: HelloControllerMVCTest does not declare any static, non-private, non-final, nested classes annotated with @Configuration.
08:59:19.835 [Test worker] INFO org.springframework.boot.test.context.SpringBootTestContextBootstrapper -- Found @SpringBootConfiguration com.learning.spring.springboot.kotlin.SpringbootKotlinApplication for test class com.learning.spring.springboot.kotlin.controller.HelloControllerMVCTest

  .   ____          _            __ _ _
 /\\ / ___'_ __ _ _(_)_ __  __ _ \ \ \ \
( ( )\___ | '_ | '_| | '_ \/ _` | \ \ \ \
 \\/  ___)| |_)| | | | | || (_| |  ) ) ) )
  '  |____| .__|_| |_|_| |_\__, | / / / /
 =========|_|==============|___/=/_/_/_/
 :: Spring Boot ::                (v3.2.1)

2024-01-12T08:59:20.507-08:00  INFO 59467 --- [    Test worker] c.l.s.s.k.c.HelloControllerMVCTest       : Starting HelloControllerMVCTest using Java 17.0.6 with PID 59467 (started by Z00465G in /Users/Z00465G/Documents/Rekha/personal_workspace/springboot-kotlin)
2024-01-12T08:59:20.510-08:00  INFO 59467 --- [    Test worker] c.l.s.s.k.c.HelloControllerMVCTest       : No active profile set, falling back to 1 default profile: "default"
2024-01-12T08:59:22.024-08:00  INFO 59467 --- [    Test worker] o.s.b.a.w.s.WelcomePageHandlerMapping    : Adding welcome page template: index
2024-01-12T08:59:22.482-08:00  INFO 59467 --- [    Test worker] o.s.b.t.m.w.SpringBootMockServletContext : Initializing Spring TestDispatcherServlet ''
2024-01-12T08:59:22.482-08:00  INFO 59467 --- [    Test worker] o.s.t.web.servlet.TestDispatcherServlet  : Initializing Servlet ''
2024-01-12T08:59:22.491-08:00  INFO 59467 --- [    Test worker] o.s.t.web.servlet.TestDispatcherServlet  : Completed initialization in 5 ms
2024-01-12T08:59:22.535-08:00  INFO 59467 --- [    Test worker] c.l.s.s.k.c.HelloControllerMVCTest       : Started HelloControllerMVCTest in 2.597 seconds (process running for 4.442)
]]></system-out>
  <system-err><![CDATA[]]></system-err>
</testsuite>
